<?xml version="1.0" encoding="UTF-8"?>
<!-- Generated by org.testng.reporters.JUnitReportReporter -->
<testsuite hostname="Qualitest-PC" name="com.latch.org.testCalculator.PrintRangeTest" tests="3" failures="0" timestamp="30 Mar 2018 03:35:02 GMT" time="0.007" errors="0">
  <testcase name="TestPrintRange2" time="0.001" classname="com.latch.org.testCalculator.PrintRangeTest"/>
  <testcase name="TestPrintRange1" time="0.005" classname="com.latch.org.testCalculator.PrintRangeTest"/>
  <testcase name="TestPrintRange4" time="0.001" classname="com.latch.org.testCalculator.PrintRangeTest"/>
</testsuite> <!-- com.latch.org.testCalculator.PrintRangeTest -->
