<?xml version="1.0" encoding="UTF-8"?>
<!-- Generated by org.testng.reporters.JUnitReportReporter -->
<testsuite hostname="Qualitest-PC" name="com.latch.org.testCalculator.AppTests" tests="1" failures="0" timestamp="25 Mar 2018 02:23:26 GMT" time="0.011" errors="0">
  <testcase name="f" time="0.011" classname="com.latch.org.testCalculator.AppTests"/>
</testsuite> <!-- com.latch.org.testCalculator.AppTests -->
