<?xml version="1.0" encoding="UTF-8"?>
<!-- Generated by org.testng.reporters.JUnitReportReporter -->
<testsuite hostname="Qualitest-PC" name="com.latch.org.testCalculator.AdditionTest" tests="6" failures="0" timestamp="30 Mar 2018 03:35:02 GMT" time="0.032" errors="0">
  <testcase name="TestAddition4" time="0.001" classname="com.latch.org.testCalculator.AdditionTest"/>
  <testcase name="TestAddition5" time="0.002" classname="com.latch.org.testCalculator.AdditionTest"/>
  <testcase name="TestAddition6" time="0.002" classname="com.latch.org.testCalculator.AdditionTest"/>
  <testcase name="TestAddition3" time="0.002" classname="com.latch.org.testCalculator.AdditionTest"/>
  <testcase name="TestAddition2" time="0.002" classname="com.latch.org.testCalculator.AdditionTest"/>
  <testcase name="TestAddition1" time="0.023" classname="com.latch.org.testCalculator.AdditionTest"/>
</testsuite> <!-- com.latch.org.testCalculator.AdditionTest -->
