<?xml version="1.0" encoding="UTF-8"?>
<!-- Generated by org.testng.reporters.JUnitReportReporter -->
<testsuite hostname="Qualitest-PC" name="com.latch.org.testCalculator.DivisionTest" tests="11" failures="0" timestamp="30 Mar 2018 03:35:02 GMT" time="0.024" errors="0">
  <testcase name="TestDivision8" time="0.001" classname="com.latch.org.testCalculator.DivisionTest"/>
  <testcase name="TestDivideByZero1" time="0.002" classname="com.latch.org.testCalculator.DivisionTest"/>
  <testcase name="TestDivideByZero2" time="0.001" classname="com.latch.org.testCalculator.DivisionTest"/>
  <testcase name="TestDivision4" time="0.002" classname="com.latch.org.testCalculator.DivisionTest"/>
  <testcase name="TestDivision3" time="0.001" classname="com.latch.org.testCalculator.DivisionTest"/>
  <testcase name="TestDivision9" time="0.003" classname="com.latch.org.testCalculator.DivisionTest"/>
  <testcase name="TestDivision6" time="0.001" classname="com.latch.org.testCalculator.DivisionTest"/>
  <testcase name="TestDivision5" time="0.002" classname="com.latch.org.testCalculator.DivisionTest"/>
  <testcase name="TestDivision7" time="0.006" classname="com.latch.org.testCalculator.DivisionTest"/>
  <testcase name="TestDivision1" time="0.004" classname="com.latch.org.testCalculator.DivisionTest"/>
  <testcase name="TestDivision2" time="0.001" classname="com.latch.org.testCalculator.DivisionTest"/>
</testsuite> <!-- com.latch.org.testCalculator.DivisionTest -->
