<?xml version="1.0" encoding="UTF-8"?>
<!-- Generated by org.testng.reporters.JUnitReportReporter -->
<testsuite hostname="Qualitest-PC" name="com.latch.org.testCalculator.PowerOperationTest" tests="30" failures="0" timestamp="30 Mar 2018 03:35:02 GMT" time="0.037" errors="0">
  <testcase name="TestPower5" time="0.001" classname="com.latch.org.testCalculator.PowerOperationTest"/>
  <testcase name="TestPower13" time="0.001" classname="com.latch.org.testCalculator.PowerOperationTest"/>
  <testcase name="TestPower6" time="0.000" classname="com.latch.org.testCalculator.PowerOperationTest"/>
  <testcase name="TestPower28" time="0.001" classname="com.latch.org.testCalculator.PowerOperationTest"/>
  <testcase name="TestPower12" time="0.001" classname="com.latch.org.testCalculator.PowerOperationTest"/>
  <testcase name="TestPower19" time="0.001" classname="com.latch.org.testCalculator.PowerOperationTest"/>
  <testcase name="TestPower29" time="0.000" classname="com.latch.org.testCalculator.PowerOperationTest"/>
  <testcase name="TestPower27" time="0.000" classname="com.latch.org.testCalculator.PowerOperationTest"/>
  <testcase name="TestPower31" time="0.001" classname="com.latch.org.testCalculator.PowerOperationTest"/>
  <testcase name="TestPower26" time="0.001" classname="com.latch.org.testCalculator.PowerOperationTest"/>
  <testcase name="TestPower32" time="0.001" classname="com.latch.org.testCalculator.PowerOperationTest"/>
  <testcase name="TestPower14" time="0.001" classname="com.latch.org.testCalculator.PowerOperationTest"/>
  <testcase name="TestPower9" time="0.006" classname="com.latch.org.testCalculator.PowerOperationTest"/>
  <testcase name="TestPower15" time="0.000" classname="com.latch.org.testCalculator.PowerOperationTest"/>
  <testcase name="TestPower16" time="0.001" classname="com.latch.org.testCalculator.PowerOperationTest"/>
  <testcase name="TestPower24" time="0.001" classname="com.latch.org.testCalculator.PowerOperationTest"/>
  <testcase name="TestPower17" time="0.001" classname="com.latch.org.testCalculator.PowerOperationTest"/>
  <testcase name="TestPower25" time="0.001" classname="com.latch.org.testCalculator.PowerOperationTest"/>
  <testcase name="TestPower23" time="0.001" classname="com.latch.org.testCalculator.PowerOperationTest"/>
  <testcase name="TestPower8" time="0.001" classname="com.latch.org.testCalculator.PowerOperationTest"/>
  <testcase name="TestPower10" time="0.009" classname="com.latch.org.testCalculator.PowerOperationTest"/>
  <testcase name="TestPower21" time="0.001" classname="com.latch.org.testCalculator.PowerOperationTest"/>
  <testcase name="TestPower3" time="0.001" classname="com.latch.org.testCalculator.PowerOperationTest"/>
  <testcase name="TestPower18" time="0.001" classname="com.latch.org.testCalculator.PowerOperationTest"/>
  <testcase name="TestPower30" time="0.000" classname="com.latch.org.testCalculator.PowerOperationTest"/>
  <testcase name="TestPower1" time="0.001" classname="com.latch.org.testCalculator.PowerOperationTest"/>
  <testcase name="TestPower2" time="0.001" classname="com.latch.org.testCalculator.PowerOperationTest"/>
  <testcase name="TestPower22" time="0.001" classname="com.latch.org.testCalculator.PowerOperationTest"/>
  <testcase name="TestPower4" time="0.000" classname="com.latch.org.testCalculator.PowerOperationTest"/>
  <testcase name="TestPower7" time="0.001" classname="com.latch.org.testCalculator.PowerOperationTest"/>
</testsuite> <!-- com.latch.org.testCalculator.PowerOperationTest -->
