<?xml version="1.0" encoding="UTF-8"?>
<!-- Generated by org.testng.reporters.JUnitReportReporter -->
<testsuite hostname="Qualitest-PC" name="com.latch.org.testCalculator.SquareRootTest" tests="6" failures="0" timestamp="30 Mar 2018 03:35:02 GMT" time="0.006" errors="0">
  <testcase name="TestSquareRoot1" time="0.001" classname="com.latch.org.testCalculator.SquareRootTest"/>
  <testcase name="TestSquareRoot6" time="0.001" classname="com.latch.org.testCalculator.SquareRootTest"/>
  <testcase name="TestSquareRoot5" time="0.000" classname="com.latch.org.testCalculator.SquareRootTest"/>
  <testcase name="TestSquareRoot2" time="0.001" classname="com.latch.org.testCalculator.SquareRootTest"/>
  <testcase name="TestSquareRoot3" time="0.001" classname="com.latch.org.testCalculator.SquareRootTest"/>
  <testcase name="TestSquareRoot4" time="0.002" classname="com.latch.org.testCalculator.SquareRootTest"/>
</testsuite> <!-- com.latch.org.testCalculator.SquareRootTest -->
