<?xml version="1.0" encoding="UTF-8"?>
<!-- Generated by org.testng.reporters.JUnitReportReporter -->
<testsuite hostname="Qualitest-PC" name="com.latch.org.testCalculator.MultiplicationTest" tests="8" failures="0" timestamp="30 Mar 2018 03:35:02 GMT" time="0.015" errors="0">
  <testcase name="TestMultiplication6" time="0.002" classname="com.latch.org.testCalculator.MultiplicationTest"/>
  <testcase name="TestMultiplication7" time="0.001" classname="com.latch.org.testCalculator.MultiplicationTest"/>
  <testcase name="TestMultiplication3" time="0.001" classname="com.latch.org.testCalculator.MultiplicationTest"/>
  <testcase name="TestMultiplication1" time="0.003" classname="com.latch.org.testCalculator.MultiplicationTest"/>
  <testcase name="TestMultiplication5" time="0.002" classname="com.latch.org.testCalculator.MultiplicationTest"/>
  <testcase name="TestMultiplication2" time="0.003" classname="com.latch.org.testCalculator.MultiplicationTest"/>
  <testcase name="TestMultiplication4" time="0.001" classname="com.latch.org.testCalculator.MultiplicationTest"/>
  <testcase name="TestMultiplication8" time="0.002" classname="com.latch.org.testCalculator.MultiplicationTest"/>
</testsuite> <!-- com.latch.org.testCalculator.MultiplicationTest -->
