<?xml version="1.0" encoding="UTF-8"?>
<!-- Generated by org.testng.reporters.JUnitReportReporter -->
<testsuite hostname="Qualitest-PC" name="com.latch.org.testCalculator.MeanOperationTest" tests="8" failures="0" timestamp="30 Mar 2018 03:35:02 GMT" time="0.015" errors="0">
  <testcase name="TestMean1" time="0.002" classname="com.latch.org.testCalculator.MeanOperationTest"/>
  <testcase name="TestMean3" time="0.002" classname="com.latch.org.testCalculator.MeanOperationTest"/>
  <testcase name="TestMean5" time="0.002" classname="com.latch.org.testCalculator.MeanOperationTest"/>
  <testcase name="TestMean2" time="0.002" classname="com.latch.org.testCalculator.MeanOperationTest"/>
  <testcase name="TestMeanWithNullInputs" time="0.002" classname="com.latch.org.testCalculator.MeanOperationTest"/>
  <testcase name="TestMean4" time="0.001" classname="com.latch.org.testCalculator.MeanOperationTest"/>
  <testcase name="TestMean6" time="0.001" classname="com.latch.org.testCalculator.MeanOperationTest"/>
  <testcase name="TestMean7" time="0.003" classname="com.latch.org.testCalculator.MeanOperationTest"/>
</testsuite> <!-- com.latch.org.testCalculator.MeanOperationTest -->
