<?xml version="1.0" encoding="UTF-8"?>
<!-- Generated by org.testng.reporters.JUnitReportReporter -->
<testsuite hostname="Qualitest-PC" name="com.latch.org.testCalculator.SubtractionTest" tests="6" failures="0" timestamp="30 Mar 2018 03:35:02 GMT" time="0.009" errors="0">
  <testcase name="TestSutraction6" time="0.001" classname="com.latch.org.testCalculator.SubtractionTest"/>
  <testcase name="TestSutraction3" time="0.001" classname="com.latch.org.testCalculator.SubtractionTest"/>
  <testcase name="TestSutraction1" time="0.002" classname="com.latch.org.testCalculator.SubtractionTest"/>
  <testcase name="TestSutraction5" time="0.002" classname="com.latch.org.testCalculator.SubtractionTest"/>
  <testcase name="TestSutraction2" time="0.001" classname="com.latch.org.testCalculator.SubtractionTest"/>
  <testcase name="TestSutraction4" time="0.002" classname="com.latch.org.testCalculator.SubtractionTest"/>
</testsuite> <!-- com.latch.org.testCalculator.SubtractionTest -->
